2026-03-28T01:41:18.575+0800	INFO	app/database.go:24	SQLite database path: rundata/data/toughradius.db
2026-03-28T01:41:18.580+0800	INFO	radio/main.go:77	Database connection successful, type: sqlite
2026-03-28T01:41:18.822+0800	INFO	app/config_manager.go:93	config schemas loaded from JSON	{"count": 17}
2026-03-28T01:41:18.822+0800	INFO	app/config_manager.go:85	config loaded from database	{"count": 17}
2026-03-28T01:41:18.823+0800	DEBUG	backup/local.go:40	Loaded restore metadata with 6 entries
2026-03-28T01:41:18.823+0800	INFO	radio/main.go:116	Starting Radius Resec server on 0.0.0.0:2083
2026-03-28T01:41:18.823+0800	ERROR	radio/main.go:116	Radius Resec server error: read rundata: is a directory
main.main.func4
	/home/faris/Documents/lamees/radio/main.go:116
golang.org/x/sync/errgroup.(*Group).Go.func1
	/home/faris/go/pkg/mod/golang.org/x/sync@v0.19.0/errgroup/errgroup.go:93
2026-03-28T01:41:18.823+0800	INFO	radio/main.go:102	Starting Radius Auth server on 0.0.0.0:1812
2026-03-28T01:41:18.823+0800	INFO	radio/main.go:107	Starting Radius Acct server on 0.0.0.0:1813
2026-03-28T01:41:18.823+0800	INFO	runtime/asm_amd64.s:1700	Running initial environment collection...
2026-03-28T01:41:18.823+0800	DEBUG	adminapi/auth.go:28	Add API POST Router /api/v1/auth/login
2026-03-28T01:41:18.823+0800	DEBUG	adminapi/auth.go:29	Add API POST Router /api/v1/auth/portal/login
2026-03-28T01:41:18.823+0800	DEBUG	adminapi/auth.go:30	Add API GET Router /api/v1/auth/me
2026-03-28T01:41:18.823+0800	DEBUG	adminapi/auth.go:31	Add API GET Router /api/v1/auth/portal/me
2026-03-28T01:41:18.823+0800	DEBUG	adminapi/users.go:256	Add API GET Router /api/v1/users
2026-03-28T01:41:18.823+0800	DEBUG	adminapi/users.go:257	Add API GET Router /api/v1/users/:id
2026-03-28T01:41:18.823+0800	DEBUG	adminapi/users.go:258	Add API POST Router /api/v1/users
2026-03-28T01:41:18.823+0800	DEBUG	adminapi/users.go:259	Add API PUT Router /api/v1/users/:id
2026-03-28T01:41:18.823+0800	DEBUG	adminapi/users.go:260	Add API DELETE Router /api/v1/users/:id
2026-03-28T01:41:18.823+0800	DEBUG	adminapi/dashboard.go:242	Add API GET Router /api/v1/dashboard/stats
2026-03-28T01:41:18.823+0800	DEBUG	adminapi/dashboard.go:243	Add API GET Router /api/v1/dashboard/env-health
2026-03-28T01:41:18.823+0800	DEBUG	adminapi/profiles.go:444	Add API GET Router /api/v1/radius-profiles
2026-03-28T01:41:18.823+0800	DEBUG	adminapi/profiles.go:445	Add API GET Router /api/v1/radius-profiles/:id
2026-03-28T01:41:18.823+0800	DEBUG	adminapi/profiles.go:446	Add API POST Router /api/v1/radius-profiles
2026-03-28T01:41:18.823+0800	DEBUG	adminapi/profiles.go:447	Add API PUT Router /api/v1/radius-profiles/:id
2026-03-28T01:41:18.823+0800	DEBUG	adminapi/profiles.go:448	Add API DELETE Router /api/v1/radius-profiles/:id
2026-03-28T01:41:18.823+0800	DEBUG	adminapi/accounting.go:165	Add API GET Router /api/v1/accounting
2026-03-28T01:41:18.823+0800	DEBUG	adminapi/accounting.go:166	Add API GET Router /api/v1/accounting/:id
2026-03-28T01:41:18.823+0800	DEBUG	adminapi/sessions.go:271	Add API GET Router /api/v1/sessions
2026-03-28T01:41:18.823+0800	DEBUG	adminapi/sessions.go:272	Add API GET Router /api/v1/sessions/:id
2026-03-28T01:41:18.823+0800	DEBUG	adminapi/sessions.go:273	Add API DELETE Router /api/v1/sessions/:id
2026-03-28T01:41:18.823+0800	DEBUG	adminapi/nas.go:326	Add API GET Router /api/v1/network/nas
2026-03-28T01:41:18.823+0800	DEBUG	adminapi/nas.go:327	Add API GET Router /api/v1/network/nas/:id
2026-03-28T01:41:18.823+0800	DEBUG	adminapi/nas.go:328	Add API POST Router /api/v1/network/nas
2026-03-28T01:41:18.823+0800	DEBUG	adminapi/nas.go:329	Add API PUT Router /api/v1/network/nas/:id
2026-03-28T01:41:18.823+0800	DEBUG	adminapi/nas.go:330	Add API DELETE Router /api/v1/network/nas/:id
2026-03-28T01:41:18.823+0800	DEBUG	adminapi/servers.go:228	Add API GET Router /api/v1/network/servers
2026-03-28T01:41:18.823+0800	DEBUG	adminapi/servers.go:229	Add API GET Router /api/v1/network/servers/:id
2026-03-28T01:41:18.823+0800	DEBUG	adminapi/servers.go:230	Add API POST Router /api/v1/network/servers
2026-03-28T01:41:18.823+0800	DEBUG	adminapi/servers.go:231	Add API PUT Router /api/v1/network/servers/:id
2026-03-28T01:41:18.823+0800	DEBUG	device/env_monitor.go:35	Connecting to MikroTik for env metrics	{"nas_id": 2, "ip": "192.168.1.20", "user": "admin"}
2026-03-28T01:41:18.823+0800	DEBUG	adminapi/servers.go:232	Add API DELETE Router /api/v1/network/servers/:id
2026-03-28T01:41:18.823+0800	DEBUG	adminapi/discovery.go:314	Add API POST Router /api/v1/network/discovery/scan
2026-03-28T01:41:18.823+0800	DEBUG	adminapi/discovery.go:315	Add API GET Router /api/v1/network/discovery/test
2026-03-28T01:41:18.823+0800	DEBUG	adminapi/discovery.go:316	Add API GET Router /api/v1/network/discovery/:id
2026-03-28T01:41:18.823+0800	DEBUG	adminapi/discovery.go:317	Add API POST Router /api/v1/network/discovery
2026-03-28T01:41:18.823+0800	DEBUG	adminapi/discovery.go:318	Add API POST Router /api/v1/network/discovery/bulk
2026-03-28T01:41:18.823+0800	DEBUG	adminapi/settings.go:30	Add API GET Router /api/v1/system/settings
2026-03-28T01:41:18.823+0800	DEBUG	adminapi/settings.go:31	Add API GET Router /api/v1/system/settings/:id
2026-03-28T01:41:18.823+0800	DEBUG	adminapi/settings.go:32	Add API GET Router /api/v1/system/config/schemas
2026-03-28T01:41:18.823+0800	DEBUG	adminapi/settings.go:33	Add API POST Router /api/v1/system/settings
2026-03-28T01:41:18.823+0800	DEBUG	adminapi/settings.go:34	Add API PUT Router /api/v1/system/settings/:id
2026-03-28T01:41:18.823+0800	DEBUG	adminapi/settings.go:35	Add API DELETE Router /api/v1/system/settings/:id
2026-03-28T01:41:18.823+0800	DEBUG	adminapi/settings.go:36	Add API POST Router /api/v1/system/config/reload
2026-03-28T01:41:18.823+0800	DEBUG	adminapi/nodes.go:31	Add API GET Router /api/v1/network/nodes
2026-03-28T01:41:18.823+0800	DEBUG	adminapi/nodes.go:32	Add API GET Router /api/v1/network/nodes/:id
2026-03-28T01:41:18.824+0800	DEBUG	adminapi/nodes.go:33	Add API POST Router /api/v1/network/nodes
2026-03-28T01:41:18.824+0800	DEBUG	adminapi/nodes.go:34	Add API PUT Router /api/v1/network/nodes/:id
2026-03-28T01:41:18.824+0800	DEBUG	adminapi/nodes.go:35	Add API DELETE Router /api/v1/network/nodes/:id
2026-03-28T01:41:18.824+0800	DEBUG	adminapi/operators.go:34	Add API GET Router /api/v1/system/operators/me
2026-03-28T01:41:18.824+0800	DEBUG	adminapi/operators.go:35	Add API PUT Router /api/v1/system/operators/me
2026-03-28T01:41:18.824+0800	DEBUG	adminapi/operators.go:38	Add API GET Router /api/v1/system/operators
2026-03-28T01:41:18.824+0800	DEBUG	adminapi/operators.go:39	Add API GET Router /api/v1/system/operators/:id
2026-03-28T01:41:18.824+0800	DEBUG	adminapi/operators.go:40	Add API POST Router /api/v1/system/operators
2026-03-28T01:41:18.824+0800	DEBUG	adminapi/operators.go:41	Add API PUT Router /api/v1/system/operators/:id
2026-03-28T01:41:18.824+0800	DEBUG	adminapi/operators.go:42	Add API DELETE Router /api/v1/system/operators/:id
2026-03-28T01:41:18.824+0800	DEBUG	adminapi/products.go:286	Add API GET Router /api/v1/products
2026-03-28T01:41:18.824+0800	DEBUG	adminapi/products.go:287	Add API GET Router /api/v1/products/:id
2026-03-28T01:41:18.824+0800	DEBUG	adminapi/products.go:288	Add API POST Router /api/v1/products
2026-03-28T01:41:18.824+0800	DEBUG	adminapi/products.go:289	Add API PUT Router /api/v1/products/:id
2026-03-28T01:41:18.824+0800	DEBUG	adminapi/products.go:290	Add API DELETE Router /api/v1/products/:id
2026-03-28T01:41:18.824+0800	DEBUG	adminapi/vouchers.go:2079	Add API GET Router /api/v1/voucher-batches
2026-03-28T01:41:18.824+0800	DEBUG	adminapi/vouchers.go:2080	Add API GET Router /api/v1/vouchers
2026-03-28T01:41:18.824+0800	DEBUG	adminapi/vouchers.go:2081	Add API GET Router /api/v1/vouchers/check
2026-03-28T01:41:18.824+0800	DEBUG	adminapi/vouchers.go:2082	Add API POST Router /api/v1/voucher-batches
2026-03-28T01:41:18.824+0800	DEBUG	adminapi/vouchers.go:2083	Add API POST Router /api/v1/voucher-batches/:id/activate
2026-03-28T01:41:18.824+0800	DEBUG	adminapi/vouchers.go:2084	Add API POST Router /api/v1/voucher-batches/:id/deactivate
2026-03-28T01:41:18.824+0800	DEBUG	adminapi/vouchers.go:2085	Add API DELETE Router /api/v1/voucher-batches/:id
2026-03-28T01:41:18.824+0800	DEBUG	adminapi/vouchers.go:2086	Add API POST Router /api/v1/voucher-batches/:id/restore
2026-03-28T01:41:18.824+0800	DEBUG	adminapi/vouchers.go:2087	Add API POST Router /api/v1/voucher-batches/:id/refund
2026-03-28T01:41:18.824+0800	DEBUG	adminapi/vouchers.go:2088	Add API GET Router /api/v1/voucher-batches/:id/export
2026-03-28T01:41:18.824+0800	DEBUG	adminapi/vouchers.go:2089	Add API GET Router /api/v1/voucher-batches/:id/print
2026-03-28T01:41:18.824+0800	DEBUG	adminapi/vouchers.go:2090	Add API POST Router /api/v1/voucher-batches/:id/transfer
2026-03-28T01:41:18.824+0800	DEBUG	adminapi/vouchers.go:2091	Add API POST Router /api/v1/vouchers/redeem
2026-03-28T01:41:18.824+0800	DEBUG	adminapi/vouchers.go:2092	Add API POST Router /api/v1/vouchers/extend
2026-03-28T01:41:18.824+0800	DEBUG	adminapi/vouchers.go:2093	Add API POST Router /api/v1/vouchers/topup
2026-03-28T01:41:18.824+0800	DEBUG	adminapi/vouchers.go:2094	Add API GET Router /api/v1/vouchers/topups
2026-03-28T01:41:18.824+0800	DEBUG	adminapi/vouchers.go:2095	Add API POST Router /api/v1/vouchers/subscriptions
2026-03-28T01:41:18.824+0800	DEBUG	adminapi/vouchers.go:2096	Add API GET Router /api/v1/vouchers/subscriptions
2026-03-28T01:41:18.824+0800	DEBUG	adminapi/vouchers.go:2097	Add API POST Router /api/v1/vouchers/subscriptions/:id/cancel
2026-03-28T01:41:18.824+0800	DEBUG	adminapi/vouchers.go:2098	Add API POST Router /api/v1/voucher-bundles
2026-03-28T01:41:18.824+0800	DEBUG	adminapi/vouchers.go:2099	Add API GET Router /api/v1/voucher-bundles
2026-03-28T01:41:18.824+0800	DEBUG	adminapi/vouchers.go:2100	Add API POST Router /api/v1/vouchers/bulk/delete
2026-03-28T01:41:18.824+0800	DEBUG	adminapi/vouchers.go:2101	Add API POST Router /api/v1/vouchers/bulk/status
2026-03-28T01:41:18.824+0800	DEBUG	adminapi/vouchers.go:2104	Add GET Router /public/vouchers/status
2026-03-28T01:41:18.824+0800	DEBUG	adminapi/voucher_templates.go:173	Add API GET Router /api/v1/voucher-templates
2026-03-28T01:41:18.824+0800	DEBUG	adminapi/voucher_templates.go:174	Add API POST Router /api/v1/voucher-templates
2026-03-28T01:41:18.824+0800	DEBUG	adminapi/voucher_templates.go:175	Add API PUT Router /api/v1/voucher-templates/:id
2026-03-28T01:41:18.824+0800	DEBUG	adminapi/voucher_templates.go:176	Add API DELETE Router /api/v1/voucher-templates/:id
2026-03-28T01:41:18.824+0800	DEBUG	adminapi/agents.go:654	Add API GET Router /api/v1/agents
2026-03-28T01:41:18.824+0800	DEBUG	adminapi/agents.go:655	Add API GET Router /api/v1/agents/:id
2026-03-28T01:41:18.824+0800	DEBUG	adminapi/agents.go:656	Add API POST Router /api/v1/agents
2026-03-28T01:41:18.824+0800	DEBUG	adminapi/agents.go:657	Add API PUT Router /api/v1/agents/:id
2026-03-28T01:41:18.824+0800	DEBUG	adminapi/agents.go:658	Add API POST Router /api/v1/agents/:id/topup
2026-03-28T01:41:18.824+0800	DEBUG	adminapi/agents.go:659	Add API GET Router /api/v1/agents/:id/wallet
2026-03-28T01:41:18.824+0800	DEBUG	adminapi/agents.go:660	Add API GET Router /api/v1/agents/:id/wallet/transactions
2026-03-28T01:41:18.824+0800	DEBUG	adminapi/agents.go:661	Add API POST Router /api/v1/agents/wallet/bulk
2026-03-28T01:41:18.824+0800	DEBUG	adminapi/agents.go:662	Add API GET Router /api/v1/agents/wallet/alerts
2026-03-28T01:41:18.824+0800	DEBUG	adminapi/agents.go:663	Add API GET Router /api/v1/agents/:id/stats
2026-03-28T01:41:18.824+0800	DEBUG	adminapi/agents.go:666	Add API GET Router /api/v1/agent/dashboard
2026-03-28T01:41:18.824+0800	DEBUG	adminapi/agents.go:667	Add API GET Router /api/v1/agent/wallet
2026-03-28T01:41:18.824+0800	DEBUG	adminapi/agents.go:668	Add API GET Router /api/v1/agent/wallet/transactions
2026-03-28T01:41:18.824+0800	DEBUG	adminapi/agents.go:669	Add API GET Router /api/v1/agent/commissions
2026-03-28T01:41:18.824+0800	DEBUG	adminapi/agents.go:670	Add API POST Router /api/v1/agent/payout-request
2026-03-28T01:41:18.824+0800	DEBUG	adminapi/agents.go:671	Add API GET Router /api/v1/agent/payout-requests
2026-03-28T01:41:18.824+0800	DEBUG	adminapi/agents.go:672	Add API DELETE Router /api/v1/agent/payout-requests/:id
2026-03-28T01:41:18.824+0800	DEBUG	adminapi/agents.go:673	Add API GET Router /api/v1/agent/sub-agents
2026-03-28T01:41:18.824+0800	DEBUG	adminapi/agent_hierarchy.go:1234	Add API POST Router /api/v1/agents/:id/assign-parent
2026-03-28T01:41:18.824+0800	DEBUG	adminapi/agent_hierarchy.go:1235	Add API GET Router /api/v1/agents/:id/hierarchy
2026-03-28T01:41:18.824+0800	DEBUG	adminapi/agent_hierarchy.go:1236	Add API GET Router /api/v1/agents/:id/sub-agents
2026-03-28T01:41:18.824+0800	DEBUG	adminapi/agent_hierarchy.go:1237	Add API GET Router /api/v1/agents/:id/hierarchy-tree
2026-03-28T01:41:18.824+0800	DEBUG	adminapi/agent_hierarchy.go:1238	Add API PUT Router /api/v1/agents/:id/commission-rate
2026-03-28T01:41:18.824+0800	DEBUG	adminapi/agent_hierarchy.go:1241	Add API POST Router /api/v1/agents/payout/request
2026-03-28T01:41:18.824+0800	DEBUG	adminapi/agent_hierarchy.go:1242	Add API POST Router /api/v1/agents/payout/:id/cancel
2026-03-28T01:41:18.824+0800	DEBUG	adminapi/agent_hierarchy.go:1243	Add API GET Router /api/v1/agents/:id/payout-history
2026-03-28T01:41:18.824+0800	DEBUG	adminapi/agent_hierarchy.go:1244	Add API GET Router /api/v1/payout/requests/:id
2026-03-28T01:41:18.824+0800	DEBUG	adminapi/agent_hierarchy.go:1245	Add API POST Router /api/v1/admin/payout/approve
2026-03-28T01:41:18.824+0800	DEBUG	adminapi/agent_hierarchy.go:1246	Add API GET Router /api/v1/payout/requests
2026-03-28T01:41:18.824+0800	DEBUG	adminapi/agent_hierarchy.go:1249	Add API GET Router /api/v1/agents/:id/performance
2026-03-28T01:41:18.824+0800	DEBUG	adminapi/agent_hierarchy.go:1252	Add API GET Router /api/v1/agents/roots
2026-03-28T01:41:18.824+0800	DEBUG	adminapi/agent_hierarchy.go:1255	Add API PUT Router /api/v1/agents/:id/status
2026-03-28T01:41:18.824+0800	DEBUG	adminapi/financial.go:280	Add API GET Router /api/v1/financial/report
2026-03-28T01:41:18.824+0800	DEBUG	adminapi/system_log.go:15	Add API GET Router /api/v1/system/logs
2026-03-28T01:41:18.824+0800	DEBUG	adminapi/system_log.go:16	Add API POST Router /api/v1/system/logs/archive
2026-03-28T01:41:18.824+0800	DEBUG	adminapi/portal_sessions.go:15	Add API GET Router /api/v1/portal/usage
2026-03-28T01:41:18.824+0800	DEBUG	adminapi/portal_sessions.go:16	Add API GET Router /api/v1/portal/sessions
2026-03-28T01:41:18.824+0800	DEBUG	adminapi/portal_sessions.go:17	Add API DELETE Router /api/v1/portal/sessions/:id
2026-03-28T01:41:18.824+0800	DEBUG	adminapi/portal_vouchers.go:14	Add API POST Router /api/v1/portal/vouchers/redeem
2026-03-28T01:41:18.824+0800	DEBUG	adminapi/portal_users.go:13	Add API POST Router /api/v1/portal/user/mac/unbind
2026-03-28T01:41:18.824+0800	DEBUG	adminapi/backup.go:15	Add API GET Router /api/v1/system/backup
2026-03-28T01:41:18.824+0800	DEBUG	adminapi/backup.go:16	Add API POST Router /api/v1/system/backup
2026-03-28T01:41:18.824+0800	DEBUG	adminapi/backup.go:17	Add API DELETE Router /api/v1/system/backup/:id
2026-03-28T01:41:18.824+0800	DEBUG	adminapi/backup.go:18	Add API POST Router /api/v1/system/backup/:id/restore
2026-03-28T01:41:18.824+0800	DEBUG	adminapi/backup.go:19	Add API GET Router /api/v1/system/backup/:id/download
2026-03-28T01:41:18.824+0800	DEBUG	adminapi/maintenance.go:13	Add API GET Router /api/v1/system/maintenance
2026-03-28T01:41:18.824+0800	DEBUG	adminapi/maintenance.go:14	Add API POST Router /api/v1/system/maintenance/enable
2026-03-28T01:41:18.825+0800	DEBUG	adminapi/maintenance.go:15	Add API POST Router /api/v1/system/maintenance/disable
2026-03-28T01:41:18.825+0800	DEBUG	adminapi/websocket.go:10	Add GET Router /api/v1/dashboard/ws
2026-03-28T01:41:18.825+0800	DEBUG	adminapi/privacy.go:18	Add API GET Router /api/v1/privacy/user/:username/export
2026-03-28T01:41:18.825+0800	DEBUG	adminapi/privacy.go:19	Add API POST Router /api/v1/privacy/user/:username/anonymize
2026-03-28T01:41:18.825+0800	DEBUG	adminapi/network_topology.go:12	Add API GET Router /api/v1/network/topology
2026-03-28T01:41:18.825+0800	DEBUG	adminapi/tunnel.go:13	Add API GET Router /api/v1/system/tunnel/status
2026-03-28T01:41:18.825+0800	DEBUG	adminapi/tunnel.go:14	Add API GET Router /api/v1/system/tunnel/config
2026-03-28T01:41:18.825+0800	DEBUG	adminapi/tunnel.go:15	Add API POST Router /api/v1/system/tunnel/start
2026-03-28T01:41:18.825+0800	DEBUG	adminapi/tunnel.go:16	Add API POST Router /api/v1/system/tunnel/stop
2026-03-28T01:41:18.825+0800	DEBUG	adminapi/tunnel.go:17	Add API POST Router /api/v1/system/tunnel/config
2026-03-28T01:41:18.825+0800	DEBUG	adminapi/analytics.go:13	Add API GET Router /api/v1/analytics/forecast
2026-03-28T01:41:18.825+0800	DEBUG	adminapi/coa.go:362	Add API POST Router /api/v1/sessions/:id/coa
2026-03-28T01:41:18.825+0800	DEBUG	adminapi/coa.go:363	Add API POST Router /api/v1/sessions/:id/disconnect
2026-03-28T01:41:18.825+0800	DEBUG	adminapi/coa.go:364	Add API POST Router /api/v1/sessions/bulk-disconnect
2026-03-28T01:41:18.825+0800	DEBUG	adminapi/cpe.go:23	Add API GET Router /api/v1/cpes
2026-03-28T01:41:18.825+0800	DEBUG	adminapi/cpe.go:24	Add API GET Router /api/v1/cpes/:id
2026-03-28T01:41:18.825+0800	DEBUG	adminapi/cpe.go:25	Add API PUT Router /api/v1/cpes/:id
2026-03-28T01:41:18.825+0800	DEBUG	adminapi/cpe.go:26	Add API DELETE Router /api/v1/cpes/:id
2026-03-28T01:41:18.825+0800	DEBUG	adminapi/invoices.go:216	Add API GET Router /api/v1/radius/invoices
2026-03-28T01:41:18.825+0800	DEBUG	adminapi/invoices.go:217	Add API GET Router /api/v1/radius/invoices/:id
2026-03-28T01:41:18.825+0800	DEBUG	adminapi/invoices.go:218	Add API POST Router /api/v1/radius/invoices/:id/pay
2026-03-28T01:41:18.825+0800	DEBUG	adminapi/invoices.go:219	Add API POST Router /api/v1/radius/users/:username/bill
2026-03-28T01:41:18.825+0800	DEBUG	adminapi/providers.go:17	Add API GET Router /api/v1/admin/providers
2026-03-28T01:41:18.825+0800	DEBUG	adminapi/providers.go:18	Add API POST Router /api/v1/admin/providers
2026-03-28T01:41:18.825+0800	DEBUG	adminapi/providers.go:19	Add API GET Router /api/v1/admin/providers/:id
2026-03-28T01:41:18.825+0800	DEBUG	adminapi/providers.go:20	Add API PUT Router /api/v1/admin/providers/:id
2026-03-28T01:41:18.825+0800	DEBUG	adminapi/providers.go:21	Add API DELETE Router /api/v1/admin/providers/:id
2026-03-28T01:41:18.825+0800	DEBUG	adminapi/providers.go:22	Add API GET Router /api/v1/admin/providers/me
2026-03-28T01:41:18.825+0800	DEBUG	adminapi/providers.go:23	Add API PUT Router /api/v1/admin/providers/me/settings
2026-03-28T01:41:18.825+0800	DEBUG	adminapi/providers.go:26	Add API GET Router /api/v1/providers
2026-03-28T01:41:18.825+0800	DEBUG	adminapi/providers.go:27	Add API POST Router /api/v1/providers
2026-03-28T01:41:18.825+0800	DEBUG	adminapi/providers.go:28	Add API GET Router /api/v1/providers/:id
2026-03-28T01:41:18.825+0800	DEBUG	adminapi/providers.go:29	Add API PUT Router /api/v1/providers/:id
2026-03-28T01:41:18.825+0800	DEBUG	adminapi/providers.go:30	Add API DELETE Router /api/v1/providers/:id
2026-03-28T01:41:18.825+0800	DEBUG	adminapi/providers.go:31	Add API GET Router /api/v1/providers/me
2026-03-28T01:41:18.825+0800	DEBUG	adminapi/providers.go:32	Add API PUT Router /api/v1/providers/me/settings
2026-03-28T01:41:18.825+0800	DEBUG	adminapi/providers.go:35	Add API GET Router /api/v1/platform/providers/:id/admin-credentials
2026-03-28T01:41:18.825+0800	DEBUG	adminapi/providers.go:36	Add API PUT Router /api/v1/platform/providers/:id/admin-credentials
2026-03-28T01:41:18.825+0800	DEBUG	adminapi/providers.go:37	Add API POST Router /api/v1/platform/providers/:id/admin-credentials/reset
2026-03-28T01:41:18.825+0800	DEBUG	adminapi/provider_registration.go:345	Add API GET Router /api/v1/providers/registrations
2026-03-28T01:41:18.825+0800	DEBUG	adminapi/provider_registration.go:346	Add API GET Router /api/v1/providers/registrations/:id
2026-03-28T01:41:18.825+0800	DEBUG	adminapi/provider_registration.go:347	Add API POST Router /api/v1/providers/registrations
2026-03-28T01:41:18.825+0800	DEBUG	adminapi/provider_registration.go:348	Add API POST Router /api/v1/providers/registrations/:id/approve
2026-03-28T01:41:18.825+0800	DEBUG	adminapi/provider_registration.go:349	Add API POST Router /api/v1/providers/registrations/:id/reject
2026-03-28T01:41:18.825+0800	DEBUG	adminapi/provider_registration.go:350	Add API GET Router /api/v1/providers/registrations/status/:id
2026-03-28T01:41:18.825+0800	DEBUG	adminapi/billing.go:17	Add API GET Router /api/v1/billing/invoices
2026-03-28T01:41:18.825+0800	DEBUG	adminapi/billing.go:18	Add API GET Router /api/v1/billing/invoices/:id
2026-03-28T01:41:18.825+0800	DEBUG	adminapi/billing.go:19	Add API POST Router /api/v1/billing/invoices/:id/pay
2026-03-28T01:41:18.825+0800	DEBUG	adminapi/billing.go:22	Add API GET Router /api/v1/admin/billing/plans
2026-03-28T01:41:18.825+0800	DEBUG	adminapi/billing.go:23	Add API POST Router /api/v1/admin/billing/plans
2026-03-28T01:41:18.825+0800	DEBUG	adminapi/billing.go:24	Add API POST Router /api/v1/admin/billing/run
2026-03-28T01:41:18.825+0800	DEBUG	adminapi/monitoring.go:18	Add API GET Router /api/v1/monitoring/metrics
2026-03-28T01:41:18.825+0800	DEBUG	adminapi/monitoring.go:19	Add API GET Router /api/v1/monitoring/devices
2026-03-28T01:41:18.825+0800	DEBUG	adminapi/monitoring.go:20	Add API GET Router /api/v1/monitoring/sessions
2026-03-28T01:41:18.825+0800	DEBUG	adminapi/monitoring.go:23	Add API GET Router /api/v1/admin/monitoring/metrics
2026-03-28T01:41:18.825+0800	DEBUG	adminapi/monitoring.go:24	Add API GET Router /api/v1/admin/monitoring/provider/:id
2026-03-28T01:41:18.825+0800	DEBUG	adminapi/provider_backup.go:16	Add API GET Router /api/v1/provider/backup
2026-03-28T01:41:18.825+0800	DEBUG	adminapi/provider_backup.go:17	Add API POST Router /api/v1/provider/backup
2026-03-28T01:41:18.825+0800	DEBUG	adminapi/provider_backup.go:18	Add API POST Router /api/v1/provider/backup/:id/restore
2026-03-28T01:41:18.825+0800	DEBUG	adminapi/provider_backup.go:21	Add API POST Router /api/v1/admin/provider/backup
2026-03-28T01:41:18.825+0800	DEBUG	adminapi/portal_notifications.go:22	Add API GET Router /api/v1/portal/preferences/notifications
2026-03-28T01:41:18.825+0800	DEBUG	adminapi/portal_notifications.go:23	Add API PUT Router /api/v1/portal/preferences/notifications
2026-03-28T01:41:18.825+0800	DEBUG	adminapi/portal_notifications.go:24	Add API GET Router /api/v1/portal/alerts/history
2026-03-28T01:41:18.825+0800	DEBUG	adminapi/reporting.go:35	Add API GET Router /api/v1/reporting/summary
2026-03-28T01:41:18.825+0800	DEBUG	adminapi/reporting.go:36	Add API GET Router /api/v1/reporting/network-status
2026-03-28T01:41:18.825+0800	DEBUG	adminapi/reporting.go:37	Add API GET Router /api/v1/reporting/agents
2026-03-28T01:41:18.825+0800	DEBUG	adminapi/reporting.go:38	Add API GET Router /api/v1/reporting/issues
2026-03-28T01:41:18.825+0800	DEBUG	adminapi/reporting.go:39	Add API GET Router /api/v1/reporting/fraud
2026-03-28T01:41:18.825+0800	DEBUG	adminapi/reporting.go:40	Add API GET Router /api/v1/reporting/export
2026-03-28T01:41:18.825+0800	DEBUG	adminapi/reporting.go:41	Add API GET Router /api/v1/reporting/notifications/preferences
2026-03-28T01:41:18.825+0800	DEBUG	adminapi/reporting.go:42	Add API PUT Router /api/v1/reporting/notifications/preferences
2026-03-28T01:41:18.825+0800	DEBUG	adminapi/nas_template.go:210	Add API GET Router /api/v1/network/nas-templates
2026-03-28T01:41:18.825+0800	DEBUG	adminapi/nas_template.go:211	Add API GET Router /api/v1/network/nas-templates/:id
2026-03-28T01:41:18.825+0800	DEBUG	adminapi/nas_template.go:212	Add API POST Router /api/v1/network/nas-templates
2026-03-28T01:41:18.825+0800	DEBUG	adminapi/nas_template.go:213	Add API PUT Router /api/v1/network/nas-templates/:id
2026-03-28T01:41:18.825+0800	DEBUG	adminapi/nas_template.go:214	Add API DELETE Router /api/v1/network/nas-templates/:id
2026-03-28T01:41:18.825+0800	DEBUG	adminapi/device_backup.go:191	Add API POST Router /api/v1/network/nas/:id/backup
2026-03-28T01:41:18.825+0800	DEBUG	adminapi/device_backup.go:192	Add API GET Router /api/v1/network/nas/:id/backups
2026-03-28T01:41:18.825+0800	DEBUG	adminapi/device_backup.go:193	Add API POST Router /api/v1/network/nas/:id/speedtest
2026-03-28T01:41:18.825+0800	DEBUG	adminapi/device_backup.go:194	Add API GET Router /api/v1/network/nas/:id/speedtest/history
2026-03-28T01:41:18.825+0800	DEBUG	adminapi/device_backup.go:195	Add API GET Router /api/v1/network/nas/:id/neighbors
2026-03-28T01:41:18.825+0800	DEBUG	adminapi/device.go:46	Add API GET Router /api/v1/network/devices
2026-03-28T01:41:18.825+0800	DEBUG	adminapi/device.go:47	Add API POST Router /api/v1/network/devices
2026-03-28T01:41:18.825+0800	DEBUG	adminapi/device.go:48	Add API GET Router /api/v1/network/devices/:id
2026-03-28T01:41:18.825+0800	DEBUG	adminapi/device.go:49	Add API PUT Router /api/v1/network/devices/:id
2026-03-28T01:41:18.825+0800	DEBUG	adminapi/device.go:50	Add API DELETE Router /api/v1/network/devices/:id
2026-03-28T01:41:18.825+0800	DEBUG	adminapi/device.go:51	Add API POST Router /api/v1/network/devices/:id/reboot
2026-03-28T01:41:18.825+0800	DEBUG	adminapi/device.go:52	Add API GET Router /api/v1/network/devices/:id/metrics
2026-03-28T01:41:18.825+0800	DEBUG	adminapi/device.go:53	Add API GET Router /api/v1/network/devices/:id/alerts
2026-03-28T01:41:18.825+0800	DEBUG	adminapi/device.go:54	Add API GET Router /api/v1/network/devices/overview
2026-03-28T01:41:18.825+0800	DEBUG	adminapi/device.go:56	Add API GET Router /api/v1/locations
2026-03-28T01:41:18.825+0800	DEBUG	adminapi/device.go:57	Add API POST Router /api/v1/locations
2026-03-28T01:41:18.825+0800	DEBUG	adminapi/device.go:58	Add API PUT Router /api/v1/locations/:id
2026-03-28T01:41:18.825+0800	DEBUG	adminapi/device.go:59	Add API DELETE Router /api/v1/locations/:id
2026-03-28T01:41:18.825+0800	DEBUG	adminapi/device.go:61	Add API GET Router /api/v1/devices/types
2026-03-28T01:41:18.825+0800	DEBUG	adminapi/device.go:62	Add API GET Router /api/v1/devices/vendors
2026-03-28T01:41:18.826+0800	DEBUG	adminapi/device.go:63	Add API GET Router /api/v1/metrics/types
2026-03-28T01:41:18.826+0800	DEBUG	adminapi/proxy.go:220	Add API GET Router /api/v1/radius-proxy/servers
2026-03-28T01:41:18.826+0800	DEBUG	adminapi/proxy.go:221	Add API POST Router /api/v1/radius-proxy/servers
2026-03-28T01:41:18.826+0800	DEBUG	adminapi/proxy.go:222	Add API GET Router /api/v1/radius-proxy/realms
2026-03-28T01:41:18.826+0800	DEBUG	adminapi/proxy.go:223	Add API POST Router /api/v1/radius-proxy/realms
2026-03-28T01:41:18.826+0800	DEBUG	adminapi/proxy.go:224	Add API GET Router /api/v1/radius-proxy/logs
2026-03-28T01:41:18.826+0800	DEBUG	adminapi/certificate.go:275	Add API GET Router /api/v1/certificates/ca
2026-03-28T01:41:18.826+0800	DEBUG	adminapi/certificate.go:276	Add API POST Router /api/v1/certificates/ca
2026-03-28T01:41:18.826+0800	DEBUG	adminapi/certificate.go:277	Add API GET Router /api/v1/certificates/ca/:id
2026-03-28T01:41:18.826+0800	DEBUG	adminapi/certificate.go:280	Add API GET Router /api/v1/certificates/client
2026-03-28T01:41:18.826+0800	DEBUG	adminapi/certificate.go:281	Add API POST Router /api/v1/certificates/client
2026-03-28T01:41:18.826+0800	DEBUG	adminapi/certificate.go:282	Add API GET Router /api/v1/certificates/client/:id
2026-03-28T01:41:18.826+0800	DEBUG	adminapi/certificate.go:283	Add API POST Router /api/v1/certificates/client/:id/revoke
2026-03-28T01:41:18.826+0800	DEBUG	adminapi/traffic_analysis.go:269	Add API GET Router /api/v1/traffic/stats
2026-03-28T01:41:18.826+0800	DEBUG	adminapi/traffic_analysis.go:270	Add API GET Router /api/v1/traffic/user/:id
2026-03-28T01:41:18.826+0800	DEBUG	adminapi/traffic_analysis.go:271	Add API GET Router /api/v1/traffic/applications
2026-03-28T01:41:18.826+0800	DEBUG	adminapi/traffic_analysis.go:272	Add API GET Router /api/v1/traffic/live
2026-03-28T01:41:18.826+0800	DEBUG	adminapi/env_monitoring.go:15	Add API GET Router /api/v1/network/nas/metrics
2026-03-28T01:41:18.826+0800	DEBUG	adminapi/env_monitoring.go:16	Add API GET Router /api/v1/network/nas/alerts
2026-03-28T01:41:18.826+0800	INFO	webserver/server.go:70	Start the management server 0.0.0.0:1816
2026-03-28T01:41:18.826+0800	INFO	runtime/asm_amd64.s:1700	Prepare to start the TLS management port 0.0.0.0:0
⇨ http server started on [::]:1816
2026-03-28T01:41:18.826+0800	ERROR	runtime/asm_amd64.s:1700	Error starting TLS management port open rundata/private/toughradius.tls.crt: permission denied
runtime.goexit
	/home/faris/go/go/src/runtime/asm_amd64.s:1700
2026-03-28T01:41:19.052+0800	DEBUG	device/env_monitor.go:35	Got system health	{"nas_id": 2, "response": [{"Word":"!re","Tag":"","List":[{"Key":"voltage","Value":"24.6"},{"Key":"temperature","Value":"36"}],"Map":{"temperature":"36","voltage":"24.6"}}]}
2026-03-28T01:41:19.055+0800	DEBUG	device/env_monitor.go:144	Found Map field	{"type": "map[string]string"}
2026-03-28T01:41:19.055+0800	DEBUG	device/env_monitor.go:144	Map is map[string]string	{"map": {"temperature":"36","voltage":"24.6"}}
2026-03-28T01:41:19.055+0800	DEBUG	device/env_monitor.go:74	Temperature check	{"cpu-temperature": 0}
2026-03-28T01:41:19.055+0800	DEBUG	device/env_monitor.go:149	Found Map field	{"type": "map[string]string"}
2026-03-28T01:41:19.055+0800	DEBUG	device/env_monitor.go:149	Map is map[string]string	{"map": {"temperature":"36","voltage":"24.6"}}
2026-03-28T01:41:19.055+0800	DEBUG	device/env_monitor.go:74	Temperature check	{"temperature": 36}
2026-03-28T01:41:19.057+0800	DEBUG	device/env_monitor.go:172	Found Map field	{"type": "map[string]string"}
2026-03-28T01:41:19.057+0800	DEBUG	device/env_monitor.go:172	Map is map[string]string	{"map": {"temperature":"36","voltage":"24.6"}}
2026-03-28T01:41:19.057+0800	DEBUG	device/env_monitor.go:88	Power check	{"power": 0}
2026-03-28T01:41:19.059+0800	DEBUG	device/env_monitor.go:185	Found Map field	{"type": "map[string]string"}
2026-03-28T01:41:19.059+0800	DEBUG	device/env_monitor.go:185	Map is map[string]string	{"map": {"temperature":"36","voltage":"24.6"}}
2026-03-28T01:41:19.059+0800	DEBUG	device/env_monitor.go:102	Voltage check	{"voltage": 24.6}
2026-03-28T01:41:19.061+0800	DEBUG	device/env_monitor.go:200	Found Map field	{"type": "map[string]string"}
2026-03-28T01:41:19.061+0800	DEBUG	device/env_monitor.go:200	Map is map[string]string	{"map": {"temperature":"37","voltage":"24.6"}}
2026-03-28T01:41:19.061+0800	INFO	device/env_monitor.go:35	Saving environment metrics	{"nas_id": 2, "count": 2, "metrics": [{"id":0,"tenant_id":"1","nas_id":2,"nas_name":"ALi","metric_type":"temperature","value":36,"unit":"C","severity":"normal","collected_at":"2026-03-28T01:41:19.052862999+08:00","created_at":"2026-03-28T01:41:19.052862999+08:00"},{"id":0,"tenant_id":"1","nas_id":2,"nas_name":"ALi","metric_type":"voltage","value":24.6,"unit":"V","severity":"critical","collected_at":"2026-03-28T01:41:19.052862999+08:00","created_at":"2026-03-28T01:41:19.052862999+08:00"}]}
2026-03-28T01:41:19.065+0800	INFO	device/env_monitor.go:35	Metrics saved successfully	{"nas_id": 2}
2026-03-28T01:41:19.576+0800	WARN	v4@v4.3.1/jwt.go:250	JWT validation failed: missing value in request header, Path: /api/v1/system/settings, Auth Header: 
github.com/labstack/echo-jwt/v4.Config.ToMiddleware.func2.1
	/home/faris/go/pkg/mod/github.com/labstack/echo-jwt/v4@v4.3.1/jwt.go:250
github.com/labstack/echo/v4.(*Echo).add.func1
	/home/faris/go/pkg/mod/github.com/labstack/echo/v4@v4.15.0/echo.go:589
github.com/talkincode/toughradius/v9/internal/webserver.NewAdminServer.func3.1
	/home/faris/Documents/lamees/radio/internal/webserver/server.go:122
github.com/talkincode/toughradius/v9/internal/webserver.NewAdminServer.ServerRecover.func4.1
	/home/faris/Documents/lamees/radio/internal/webserver/server.go:344
github.com/labstack/echo/v4/middleware.GzipWithConfig.func1.1
	/home/faris/go/pkg/mod/github.com/labstack/echo/v4@v4.15.0/middleware/compress.go:139
github.com/labstack/echo/v4.(*Echo).ServeHTTP.func1
	/home/faris/go/pkg/mod/github.com/labstack/echo/v4@v4.15.0/echo.go:670
github.com/talkincode/toughradius/v9/internal/webserver.NewAdminServer.RemoveTrailingSlash.RemoveTrailingSlashWithConfig.func7.1
	/home/faris/go/pkg/mod/github.com/labstack/echo/v4@v4.15.0/middleware/slash.go:117
github.com/labstack/echo/v4.(*Echo).ServeHTTP
	/home/faris/go/pkg/mod/github.com/labstack/echo/v4@v4.15.0/echo.go:676
net/http.serverHandler.ServeHTTP
	/home/faris/go/go/src/net/http/server.go:3301
net/http.(*conn).serve
	/home/faris/go/go/src/net/http/server.go:2102
2026-03-28T01:41:24.297+0800	INFO	middleware/tenant.go:85	GetPortalUsage: Returning stats	{"username": "5748524737", "user.TimeQuota": 3600, "stats.TimeQuota": 3600, "stats.TimeUsed": 4555, "user.ExpireTime": "2026-03-28T03:08:40.831+0800"}
2026-03-28T01:41:24.522+0800	INFO	middleware/tenant.go:85	GetPortalUsage: Returning stats	{"username": "5748524737", "user.TimeQuota": 3600, "stats.TimeQuota": 3600, "stats.TimeUsed": 4555, "user.ExpireTime": "2026-03-28T03:08:40.831+0800"}
2026-03-28T01:41:53.159+0800	INFO	middleware/tenant.go:85	GetPortalUsage: Returning stats	{"username": "5748524737", "user.TimeQuota": 3600, "stats.TimeQuota": 3600, "stats.TimeUsed": 4555, "user.ExpireTime": "2026-03-28T03:08:40.831+0800"}
2026-03-28T01:42:23.157+0800	INFO	middleware/tenant.go:85	GetPortalUsage: Returning stats	{"username": "5748524737", "user.TimeQuota": 3600, "stats.TimeQuota": 3600, "stats.TimeUsed": 4555, "user.ExpireTime": "2026-03-28T03:08:40.831+0800"}
2026-03-28T01:42:53.159+0800	INFO	middleware/tenant.go:85	GetPortalUsage: Returning stats	{"username": "5748524737", "user.TimeQuota": 3600, "stats.TimeQuota": 3600, "stats.TimeUsed": 4555, "user.ExpireTime": "2026-03-28T03:08:40.831+0800"}
2026-03-28T01:43:22.555+0800	INFO	middleware/tenant.go:85	GetPortalUsage: Returning stats	{"username": "5748524737", "user.TimeQuota": 3600, "stats.TimeQuota": 3600, "stats.TimeUsed": 4555, "user.ExpireTime": "2026-03-28T03:08:40.831+0800"}
2026-03-28T01:43:22.560+0800	INFO	middleware/tenant.go:85	GetPortalUsage: Returning stats	{"username": "5748524737", "user.TimeQuota": 3600, "stats.TimeQuota": 3600, "stats.TimeUsed": 4555, "user.ExpireTime": "2026-03-28T03:08:40.831+0800"}
2026-03-28T01:43:52.612+0800	INFO	middleware/tenant.go:85	GetPortalUsage: Returning stats	{"username": "5748524737", "user.TimeQuota": 3600, "stats.TimeQuota": 3600, "stats.TimeUsed": 4555, "user.ExpireTime": "2026-03-28T03:08:40.831+0800"}
2026-03-28T01:44:22.619+0800	INFO	middleware/tenant.go:85	GetPortalUsage: Returning stats	{"username": "5748524737", "user.TimeQuota": 3600, "stats.TimeQuota": 3600, "stats.TimeUsed": 4555, "user.ExpireTime": "2026-03-28T03:08:40.831+0800"}
2026-03-28T01:44:33.829+0800	INFO	middleware/tenant.go:85	GetPortalUsage: Returning stats	{"username": "5748524737", "user.TimeQuota": 3600, "stats.TimeQuota": 3600, "stats.TimeUsed": 4555, "user.ExpireTime": "2026-03-28T03:08:40.831+0800"}
2026-03-28T01:44:33.834+0800	INFO	middleware/tenant.go:85	GetPortalUsage: Returning stats	{"username": "5748524737", "user.TimeQuota": 3600, "stats.TimeQuota": 3600, "stats.TimeUsed": 4555, "user.ExpireTime": "2026-03-28T03:08:40.831+0800"}
2026-03-28T01:46:19.068+0800	DEBUG	device/env_monitor.go:35	Connecting to MikroTik for env metrics	{"nas_id": 2, "ip": "192.168.1.20", "user": "admin"}
2026-03-28T01:46:19.092+0800	DEBUG	device/env_monitor.go:35	Got system health	{"nas_id": 2, "response": [{"Word":"!re","Tag":"","List":[{"Key":"voltage","Value":"24.6"},{"Key":"temperature","Value":"36"}],"Map":{"temperature":"36","voltage":"24.6"}}]}
2026-03-28T01:46:19.095+0800	DEBUG	device/env_monitor.go:144	Found Map field	{"type": "map[string]string"}
2026-03-28T01:46:19.095+0800	DEBUG	device/env_monitor.go:144	Map is map[string]string	{"map": {"temperature":"36","voltage":"24.7"}}
2026-03-28T01:46:19.095+0800	DEBUG	device/env_monitor.go:74	Temperature check	{"cpu-temperature": 0}
2026-03-28T01:46:19.095+0800	DEBUG	device/env_monitor.go:149	Found Map field	{"type": "map[string]string"}
2026-03-28T01:46:19.095+0800	DEBUG	device/env_monitor.go:149	Map is map[string]string	{"map": {"temperature":"36","voltage":"24.7"}}
2026-03-28T01:46:19.095+0800	DEBUG	device/env_monitor.go:74	Temperature check	{"temperature": 36}
2026-03-28T01:46:19.097+0800	DEBUG	device/env_monitor.go:172	Found Map field	{"type": "map[string]string"}
2026-03-28T01:46:19.097+0800	DEBUG	device/env_monitor.go:172	Map is map[string]string	{"map": {"temperature":"36","voltage":"24.7"}}
2026-03-28T01:46:19.097+0800	DEBUG	device/env_monitor.go:88	Power check	{"power": 0}
2026-03-28T01:46:19.099+0800	DEBUG	device/env_monitor.go:185	Found Map field	{"type": "map[string]string"}
2026-03-28T01:46:19.099+0800	DEBUG	device/env_monitor.go:185	Map is map[string]string	{"map": {"temperature":"37","voltage":"24.6"}}
2026-03-28T01:46:19.099+0800	DEBUG	device/env_monitor.go:102	Voltage check	{"voltage": 24.6}
2026-03-28T01:46:19.101+0800	DEBUG	device/env_monitor.go:200	Found Map field	{"type": "map[string]string"}
2026-03-28T01:46:19.102+0800	DEBUG	device/env_monitor.go:200	Map is map[string]string	{"map": {"temperature":"36","voltage":"24.6"}}
2026-03-28T01:46:19.102+0800	INFO	device/env_monitor.go:35	Saving environment metrics	{"nas_id": 2, "count": 2, "metrics": [{"id":0,"tenant_id":"1","nas_id":2,"nas_name":"ALi","metric_type":"temperature","value":36,"unit":"C","severity":"normal","collected_at":"2026-03-28T01:46:19.092707871+08:00","created_at":"2026-03-28T01:46:19.092707871+08:00"},{"id":0,"tenant_id":"1","nas_id":2,"nas_name":"ALi","metric_type":"voltage","value":24.6,"unit":"V","severity":"critical","collected_at":"2026-03-28T01:46:19.092707871+08:00","created_at":"2026-03-28T01:46:19.092707871+08:00"}]}
2026-03-28T01:46:19.106+0800	INFO	device/env_monitor.go:35	Metrics saved successfully	{"nas_id": 2}
2026-03-28T01:51:19.067+0800	DEBUG	device/env_monitor.go:35	Connecting to MikroTik for env metrics	{"nas_id": 2, "ip": "192.168.1.20", "user": "admin"}
2026-03-28T01:51:19.092+0800	DEBUG	device/env_monitor.go:35	Got system health	{"nas_id": 2, "response": [{"Word":"!re","Tag":"","List":[{"Key":"voltage","Value":"24.6"},{"Key":"temperature","Value":"36"}],"Map":{"temperature":"36","voltage":"24.6"}}]}
2026-03-28T01:51:19.094+0800	DEBUG	device/env_monitor.go:144	Found Map field	{"type": "map[string]string"}
2026-03-28T01:51:19.094+0800	DEBUG	device/env_monitor.go:144	Map is map[string]string	{"map": {"temperature":"37","voltage":"24.7"}}
2026-03-28T01:51:19.094+0800	DEBUG	device/env_monitor.go:74	Temperature check	{"cpu-temperature": 0}
2026-03-28T01:51:19.094+0800	DEBUG	device/env_monitor.go:149	Found Map field	{"type": "map[string]string"}
2026-03-28T01:51:19.094+0800	DEBUG	device/env_monitor.go:149	Map is map[string]string	{"map": {"temperature":"37","voltage":"24.7"}}
2026-03-28T01:51:19.094+0800	DEBUG	device/env_monitor.go:74	Temperature check	{"temperature": 37}
2026-03-28T01:51:19.096+0800	DEBUG	device/env_monitor.go:172	Found Map field	{"type": "map[string]string"}
2026-03-28T01:51:19.096+0800	DEBUG	device/env_monitor.go:172	Map is map[string]string	{"map": {"temperature":"37","voltage":"24.6"}}
2026-03-28T01:51:19.096+0800	DEBUG	device/env_monitor.go:88	Power check	{"power": 0}
2026-03-28T01:51:19.099+0800	DEBUG	device/env_monitor.go:185	Found Map field	{"type": "map[string]string"}
2026-03-28T01:51:19.099+0800	DEBUG	device/env_monitor.go:185	Map is map[string]string	{"map": {"temperature":"37","voltage":"24.6"}}
2026-03-28T01:51:19.099+0800	DEBUG	device/env_monitor.go:102	Voltage check	{"voltage": 24.6}
2026-03-28T01:51:19.101+0800	DEBUG	device/env_monitor.go:200	Found Map field	{"type": "map[string]string"}
2026-03-28T01:51:19.101+0800	DEBUG	device/env_monitor.go:200	Map is map[string]string	{"map": {"temperature":"37","voltage":"24.6"}}
2026-03-28T01:51:19.101+0800	INFO	device/env_monitor.go:35	Saving environment metrics	{"nas_id": 2, "count": 2, "metrics": [{"id":0,"tenant_id":"1","nas_id":2,"nas_name":"ALi","metric_type":"temperature","value":37,"unit":"C","severity":"normal","collected_at":"2026-03-28T01:51:19.092433018+08:00","created_at":"2026-03-28T01:51:19.092433018+08:00"},{"id":0,"tenant_id":"1","nas_id":2,"nas_name":"ALi","metric_type":"voltage","value":24.6,"unit":"V","severity":"critical","collected_at":"2026-03-28T01:51:19.092433018+08:00","created_at":"2026-03-28T01:51:19.092433018+08:00"}]}
2026-03-28T01:51:19.105+0800	INFO	device/env_monitor.go:35	Metrics saved successfully	{"nas_id": 2}
2026-03-28T01:56:19.068+0800	DEBUG	device/env_monitor.go:35	Connecting to MikroTik for env metrics	{"nas_id": 2, "ip": "192.168.1.20", "user": "admin"}
2026-03-28T01:56:19.165+0800	DEBUG	device/env_monitor.go:35	Got system health	{"nas_id": 2, "response": [{"Word":"!re","Tag":"","List":[{"Key":"voltage","Value":"24.6"},{"Key":"temperature","Value":"36"}],"Map":{"temperature":"36","voltage":"24.6"}}]}
2026-03-28T01:56:19.167+0800	DEBUG	device/env_monitor.go:144	Found Map field	{"type": "map[string]string"}
2026-03-28T01:56:19.168+0800	DEBUG	device/env_monitor.go:144	Map is map[string]string	{"map": {"temperature":"37","voltage":"24.6"}}
2026-03-28T01:56:19.168+0800	DEBUG	device/env_monitor.go:74	Temperature check	{"cpu-temperature": 0}
2026-03-28T01:56:19.168+0800	DEBUG	device/env_monitor.go:149	Found Map field	{"type": "map[string]string"}
2026-03-28T01:56:19.168+0800	DEBUG	device/env_monitor.go:149	Map is map[string]string	{"map": {"temperature":"37","voltage":"24.6"}}
2026-03-28T01:56:19.168+0800	DEBUG	device/env_monitor.go:74	Temperature check	{"temperature": 37}
2026-03-28T01:56:19.170+0800	DEBUG	device/env_monitor.go:172	Found Map field	{"type": "map[string]string"}
2026-03-28T01:56:19.170+0800	DEBUG	device/env_monitor.go:172	Map is map[string]string	{"map": {"temperature":"36","voltage":"24.7"}}
2026-03-28T01:56:19.170+0800	DEBUG	device/env_monitor.go:88	Power check	{"power": 0}
2026-03-28T01:56:19.172+0800	DEBUG	device/env_monitor.go:185	Found Map field	{"type": "map[string]string"}
2026-03-28T01:56:19.172+0800	DEBUG	device/env_monitor.go:185	Map is map[string]string	{"map": {"temperature":"36","voltage":"24.6"}}
2026-03-28T01:56:19.172+0800	DEBUG	device/env_monitor.go:102	Voltage check	{"voltage": 24.6}
2026-03-28T01:56:19.174+0800	DEBUG	device/env_monitor.go:200	Found Map field	{"type": "map[string]string"}
2026-03-28T01:56:19.174+0800	DEBUG	device/env_monitor.go:200	Map is map[string]string	{"map": {"temperature":"36","voltage":"24.6"}}
2026-03-28T01:56:19.174+0800	INFO	device/env_monitor.go:35	Saving environment metrics	{"nas_id": 2, "count": 2, "metrics": [{"id":0,"tenant_id":"1","nas_id":2,"nas_name":"ALi","metric_type":"temperature","value":37,"unit":"C","severity":"normal","collected_at":"2026-03-28T01:56:19.165699722+08:00","created_at":"2026-03-28T01:56:19.165699722+08:00"},{"id":0,"tenant_id":"1","nas_id":2,"nas_name":"ALi","metric_type":"voltage","value":24.6,"unit":"V","severity":"critical","collected_at":"2026-03-28T01:56:19.165699722+08:00","created_at":"2026-03-28T01:56:19.165699722+08:00"}]}
2026-03-28T01:56:19.179+0800	INFO	device/env_monitor.go:35	Metrics saved successfully	{"nas_id": 2}
2026-03-28T02:01:19.067+0800	DEBUG	device/env_monitor.go:35	Connecting to MikroTik for env metrics	{"nas_id": 2, "ip": "192.168.1.20", "user": "admin"}
2026-03-28T02:01:19.165+0800	DEBUG	device/env_monitor.go:35	Got system health	{"nas_id": 2, "response": [{"Word":"!re","Tag":"","List":[{"Key":"voltage","Value":"24.6"},{"Key":"temperature","Value":"36"}],"Map":{"temperature":"36","voltage":"24.6"}}]}
2026-03-28T02:01:19.168+0800	DEBUG	device/env_monitor.go:144	Found Map field	{"type": "map[string]string"}
2026-03-28T02:01:19.168+0800	DEBUG	device/env_monitor.go:144	Map is map[string]string	{"map": {"temperature":"36","voltage":"24.6"}}
2026-03-28T02:01:19.168+0800	DEBUG	device/env_monitor.go:74	Temperature check	{"cpu-temperature": 0}
2026-03-28T02:01:19.168+0800	DEBUG	device/env_monitor.go:149	Found Map field	{"type": "map[string]string"}
2026-03-28T02:01:19.168+0800	DEBUG	device/env_monitor.go:149	Map is map[string]string	{"map": {"temperature":"36","voltage":"24.6"}}
2026-03-28T02:01:19.168+0800	DEBUG	device/env_monitor.go:74	Temperature check	{"temperature": 36}
2026-03-28T02:01:19.170+0800	DEBUG	device/env_monitor.go:172	Found Map field	{"type": "map[string]string"}
2026-03-28T02:01:19.170+0800	DEBUG	device/env_monitor.go:172	Map is map[string]string	{"map": {"temperature":"36","voltage":"24.6"}}
2026-03-28T02:01:19.170+0800	DEBUG	device/env_monitor.go:88	Power check	{"power": 0}
2026-03-28T02:01:19.172+0800	DEBUG	device/env_monitor.go:185	Found Map field	{"type": "map[string]string"}
2026-03-28T02:01:19.172+0800	DEBUG	device/env_monitor.go:185	Map is map[string]string	{"map": {"temperature":"36","voltage":"24.6"}}
2026-03-28T02:01:19.172+0800	DEBUG	device/env_monitor.go:102	Voltage check	{"voltage": 24.6}
2026-03-28T02:01:19.174+0800	DEBUG	device/env_monitor.go:200	Found Map field	{"type": "map[string]string"}
2026-03-28T02:01:19.174+0800	DEBUG	device/env_monitor.go:200	Map is map[string]string	{"map": {"temperature":"37","voltage":"24.6"}}
2026-03-28T02:01:19.175+0800	INFO	device/env_monitor.go:35	Saving environment metrics	{"nas_id": 2, "count": 2, "metrics": [{"id":0,"tenant_id":"1","nas_id":2,"nas_name":"ALi","metric_type":"temperature","value":36,"unit":"C","severity":"normal","collected_at":"2026-03-28T02:01:19.165964118+08:00","created_at":"2026-03-28T02:01:19.165964118+08:00"},{"id":0,"tenant_id":"1","nas_id":2,"nas_name":"ALi","metric_type":"voltage","value":24.6,"unit":"V","severity":"critical","collected_at":"2026-03-28T02:01:19.165964118+08:00","created_at":"2026-03-28T02:01:19.165964118+08:00"}]}
2026-03-28T02:01:19.179+0800	INFO	device/env_monitor.go:35	Metrics saved successfully	{"nas_id": 2}
